# JRE version: OpenJDK Runtime Environment (17.0.6) (build 17.0.6+0-b2043.56-9586694)
# Java VM: OpenJDK 64-Bit Server VM (17.0.6+0-b2043.56-9586694, mixed mode, tiered, compressed oops, compressed class ptrs, g1 gc, windows-amd64)
GC Precious Log:
 CPUs: 4 total, 4 available
 Memory: 3987M
 Large Page Support: Disabled
 NUMA Support: Disabled
 Compressed Oops: Enabled (32-bit)
 Heap Region Size: 1M
 Heap Min Capacity: 8M
 Heap Initial Capacity: 64M
 Heap Max Capacity: 998M
 Pre-touch: Disabled
 Parallel Workers: 4
 Concurrent Workers: 1
 Concurrent Refinement Workers: 4
 Periodic GC: Disabled
Heap:
 garbage-first heap   total 81920K, used 58113K [0x00000000c1a00000, 0x0000000100000000)
  region size 1024K, 31 young (31744K), 1 survivors (1024K)
 Metaspace       used 51546K, committed 51776K, reserved 1097728K
  class space    used 6276K, committed 6400K, reserved 1048576K
GC Heap History (20 events):
Event: 2.298 GC heap before
{Heap before GC invocations=2 (full 0):
 garbage-first heap   total 65536K, used 29745K [0x00000000c1a00000, 0x0000000100000000)
  region size 1024K, 25 young (25600K), 2 survivors (2048K)
 Metaspace       used 21317K, committed 21504K, reserved 1073152K
  class space    used 2362K, committed 2496K, reserved 1048576K
}
Event: 2.308 GC heap after
{Heap after GC invocations=3 (full 0):
 garbage-first heap   total 65536K, used 9324K [0x00000000c1a00000, 0x0000000100000000)
  region size 1024K, 4 young (4096K), 4 survivors (4096K)
 Metaspace       used 21317K, committed 21504K, reserved 1073152K
  class space    used 2362K, committed 2496K, reserved 1048576K
}
Event: 3.196 GC heap before
{Heap before GC invocations=4 (full 0):
 garbage-first heap   total 37888K, used 29804K [0x00000000c1a00000, 0x0000000100000000)
  region size 1024K, 22 young (22528K), 4 survivors (4096K)
 Metaspace       used 26931K, committed 27136K, reserved 1073152K
  class space    used 3006K, committed 3072K, reserved 1048576K
}
Event: 3.230 GC heap after
{Heap after GC invocations=5 (full 0):
 garbage-first heap   total 41984K, used 18363K [0x00000000c1a00000, 0x0000000100000000)
  region size 1024K, 3 young (3072K), 3 survivors (3072K)
 Metaspace       used 26931K, committed 27136K, reserved 1073152K
  class space    used 3006K, committed 3072K, reserved 1048576K
}
Event: 3.850 GC heap before
{Heap before GC invocations=5 (full 0):
 garbage-first heap   total 41984K, used 26555K [0x00000000c1a00000, 0x0000000100000000)
  region size 1024K, 12 young (12288K), 3 survivors (3072K)
 Metaspace       used 29573K, committed 29760K, reserved 1081344K
  class space    used 3360K, committed 3456K, reserved 1048576K
}
Event: 3.859 GC heap after
{Heap after GC invocations=6 (full 0):
 garbage-first heap   total 41984K, used 19235K [0x00000000c1a00000, 0x0000000100000000)
  region size 1024K, 1 young (1024K), 1 survivors (1024K)
 Metaspace       used 29573K, committed 29760K, reserved 1081344K
  class space    used 3360K, committed 3456K, reserved 1048576K
}
Event: 4.455 GC heap before
{Heap before GC invocations=6 (full 0):
 garbage-first heap   total 41984K, used 28451K [0x00000000c1a00000, 0x0000000100000000)
  region size 1024K, 10 young (10240K), 1 survivors (1024K)
 Metaspace       used 31821K, committed 32064K, reserved 1081344K
  class space    used 3899K, committed 4032K, reserved 1048576K
}
Event: 4.462 GC heap after
{Heap after GC invocations=7 (full 0):
 garbage-first heap   total 51200K, used 20403K [0x00000000c1a00000, 0x0000000100000000)
  region size 1024K, 2 young (2048K), 2 survivors (2048K)
 Metaspace       used 31821K, committed 32064K, reserved 1081344K
  class space    used 3899K, committed 4032K, reserved 1048576K
}
Event: 5.213 GC heap before
{Heap before GC invocations=8 (full 0):
 garbage-first heap   total 51200K, used 36787K [0x00000000c1a00000, 0x0000000100000000)
  region size 1024K, 18 young (18432K), 2 survivors (2048K)
 Metaspace       used 33958K, committed 34240K, reserved 1081344K
  class space    used 4377K, committed 4544K, reserved 1048576K
}
Event: 5.228 GC heap after
{Heap after GC invocations=9 (full 0):
 garbage-first heap   total 51200K, used 24011K [0x00000000c1a00000, 0x0000000100000000)
  region size 1024K, 3 young (3072K), 3 survivors (3072K)
 Metaspace       used 33958K, committed 34240K, reserved 1081344K
  class space    used 4377K, committed 4544K, reserved 1048576K
}
Event: 5.260 GC heap before
{Heap before GC invocations=9 (full 0):
 garbage-first heap   total 51200K, used 25035K [0x00000000c1a00000, 0x0000000100000000)
  region size 1024K, 4 young (4096K), 3 survivors (3072K)
 Metaspace       used 34232K, committed 34496K, reserved 1081344K
  class space    used 4418K, committed 4544K, reserved 1048576K
}
Event: 5.266 GC heap after
{Heap after GC invocations=10 (full 0):
 garbage-first heap   total 51200K, used 23490K [0x00000000c1a00000, 0x0000000100000000)
  region size 1024K, 1 young (1024K), 1 survivors (1024K)
 Metaspace       used 34232K, committed 34496K, reserved 1081344K
  class space    used 4418K, committed 4544K, reserved 1048576K
}
Event: 5.653 GC heap before
{Heap before GC invocations=10 (full 0):
 garbage-first heap   total 51200K, used 36802K [0x00000000c1a00000, 0x0000000100000000)
  region size 1024K, 14 young (14336K), 1 survivors (1024K)
 Metaspace       used 36892K, committed 37184K, reserved 1081344K
  class space    used 4725K, committed 4864K, reserved 1048576K
}
Event: 5.659 GC heap after
{Heap after GC invocations=11 (full 0):
 garbage-first heap   total 51200K, used 22485K [0x00000000c1a00000, 0x0000000100000000)
  region size 1024K, 2 young (2048K), 2 survivors (2048K)
 Metaspace       used 36892K, committed 37184K, reserved 1081344K
  class space    used 4725K, committed 4864K, reserved 1048576K
}
Event: 6.093 GC heap before
{Heap before GC invocations=12 (full 0):
 garbage-first heap   total 51200K, used 35797K [0x00000000c1a00000, 0x0000000100000000)
  region size 1024K, 16 young (16384K), 2 survivors (2048K)
 Metaspace       used 39590K, committed 39872K, reserved 1089536K
  class space    used 4982K, committed 5120K, reserved 1048576K
}
Event: 6.101 GC heap after
{Heap after GC invocations=13 (full 0):
 garbage-first heap   total 51200K, used 24216K [0x00000000c1a00000, 0x0000000100000000)
  region size 1024K, 2 young (2048K), 2 survivors (2048K)
 Metaspace       used 39590K, committed 39872K, reserved 1089536K
  class space    used 4982K, committed 5120K, reserved 1048576K
}
Event: 6.609 GC heap before
{Heap before GC invocations=13 (full 0):
 garbage-first heap   total 51200K, used 38552K [0x00000000c1a00000, 0x0000000100000000)
  region size 1024K, 16 young (16384K), 2 survivors (2048K)
 Metaspace       used 42448K, committed 42688K, reserved 1089536K
  class space    used 5255K, committed 5376K, reserved 1048576K
}
Event: 6.616 GC heap after
{Heap after GC invocations=14 (full 0):
 garbage-first heap   total 51200K, used 25416K [0x00000000c1a00000, 0x0000000100000000)
  region size 1024K, 2 young (2048K), 2 survivors (2048K)
 Metaspace       used 42448K, committed 42688K, reserved 1089536K
  class space    used 5255K, committed 5376K, reserved 1048576K
}
Event: 7.556 GC heap before
{Heap before GC invocations=14 (full 0):
 garbage-first heap   total 51200K, used 37704K [0x00000000c1a00000, 0x0000000100000000)
  region size 1024K, 15 young (15360K), 2 survivors (2048K)
 Metaspace       used 46540K, committed 46784K, reserved 1097728K
  class space    used 5716K, committed 5824K, reserved 1048576K
}
Event: 7.564 GC heap after
{Heap after GC invocations=15 (full 0):
 garbage-first heap   total 81920K, used 26369K [0x00000000c1a00000, 0x0000000100000000)
  region size 1024K, 1 young (1024K), 1 survivors (1024K)
 Metaspace       used 46540K, committed 46784K, reserved 1097728K
  class space    used 5716K, committed 5824K, reserved 1048576K
}

