# JRE version: OpenJDK Runtime Environment (17.0.6) (build 17.0.6+0-b2043.56-9586694)
# Java VM: OpenJDK 64-Bit Server VM (17.0.6+0-b2043.56-9586694, mixed mode, tiered, compressed oops, compressed class ptrs, g1 gc, windows-amd64)
GC Precious Log:
 CPUs: 4 total, 4 available
 Memory: 3987M
 Large Page Support: Disabled
 NUMA Support: Disabled
 Compressed Oops: Enabled (32-bit)
 Heap Region Size: 1M
 Heap Min Capacity: 8M
 Heap Initial Capacity: 64M
 Heap Max Capacity: 998M
 Pre-touch: Disabled
 Parallel Workers: 4
 Concurrent Workers: 1
 Concurrent Refinement Workers: 4
 Periodic GC: Disabled
Heap:
 garbage-first heap   total 83968K, used 38150K [0x00000000c1a00000, 0x0000000100000000)
  region size 1024K, 8 young (8192K), 5 survivors (5120K)
 Metaspace       used 51892K, committed 52160K, reserved 1097728K
  class space    used 6344K, committed 6464K, reserved 1048576K
GC Heap History (20 events):
Event: 2.055 GC heap before
{Heap before GC invocations=2 (full 0):
 garbage-first heap   total 65536K, used 29638K [0x00000000c1a00000, 0x0000000100000000)
  region size 1024K, 25 young (25600K), 2 survivors (2048K)
 Metaspace       used 21327K, committed 21504K, reserved 1073152K
  class space    used 2370K, committed 2496K, reserved 1048576K
}
Event: 2.067 GC heap after
{Heap after GC invocations=3 (full 0):
 garbage-first heap   total 65536K, used 9326K [0x00000000c1a00000, 0x0000000100000000)
  region size 1024K, 4 young (4096K), 4 survivors (4096K)
 Metaspace       used 21327K, committed 21504K, reserved 1073152K
  class space    used 2370K, committed 2496K, reserved 1048576K
}
Event: 2.695 GC heap before
{Heap before GC invocations=4 (full 0):
 garbage-first heap   total 37888K, used 29806K [0x00000000c1a00000, 0x0000000100000000)
  region size 1024K, 22 young (22528K), 4 survivors (4096K)
 Metaspace       used 26986K, committed 27200K, reserved 1073152K
  class space    used 3014K, committed 3072K, reserved 1048576K
}
Event: 2.719 GC heap after
{Heap after GC invocations=5 (full 0):
 garbage-first heap   total 41984K, used 18373K [0x00000000c1a00000, 0x0000000100000000)
  region size 1024K, 3 young (3072K), 3 survivors (3072K)
 Metaspace       used 26986K, committed 27200K, reserved 1073152K
  class space    used 3014K, committed 3072K, reserved 1048576K
}
Event: 3.120 GC heap before
{Heap before GC invocations=5 (full 0):
 garbage-first heap   total 41984K, used 26565K [0x00000000c1a00000, 0x0000000100000000)
  region size 1024K, 12 young (12288K), 3 survivors (3072K)
 Metaspace       used 29690K, committed 29952K, reserved 1081344K
  class space    used 3379K, committed 3456K, reserved 1048576K
}
Event: 3.128 GC heap after
{Heap after GC invocations=6 (full 0):
 garbage-first heap   total 41984K, used 20076K [0x00000000c1a00000, 0x0000000100000000)
  region size 1024K, 1 young (1024K), 1 survivors (1024K)
 Metaspace       used 29690K, committed 29952K, reserved 1081344K
  class space    used 3379K, committed 3456K, reserved 1048576K
}
Event: 3.522 GC heap before
{Heap before GC invocations=6 (full 0):
 garbage-first heap   total 41984K, used 28268K [0x00000000c1a00000, 0x0000000100000000)
  region size 1024K, 9 young (9216K), 1 survivors (1024K)
 Metaspace       used 31785K, committed 32064K, reserved 1081344K
  class space    used 3898K, committed 4032K, reserved 1048576K
}
Event: 3.530 GC heap after
{Heap after GC invocations=7 (full 0):
 garbage-first heap   total 51200K, used 20812K [0x00000000c1a00000, 0x0000000100000000)
  region size 1024K, 2 young (2048K), 2 survivors (2048K)
 Metaspace       used 31785K, committed 32064K, reserved 1081344K
  class space    used 3898K, committed 4032K, reserved 1048576K
}
Event: 4.107 GC heap before
{Heap before GC invocations=8 (full 0):
 garbage-first heap   total 51200K, used 35660K [0x00000000c1a00000, 0x0000000100000000)
  region size 1024K, 17 young (17408K), 2 survivors (2048K)
 Metaspace       used 33338K, committed 33664K, reserved 1081344K
  class space    used 4307K, committed 4480K, reserved 1048576K
}
Event: 4.122 GC heap after
{Heap after GC invocations=9 (full 0):
 garbage-first heap   total 51200K, used 23681K [0x00000000c1a00000, 0x0000000100000000)
  region size 1024K, 3 young (3072K), 3 survivors (3072K)
 Metaspace       used 33338K, committed 33664K, reserved 1081344K
  class space    used 4307K, committed 4480K, reserved 1048576K
}
Event: 4.178 GC heap before
{Heap before GC invocations=9 (full 0):
 garbage-first heap   total 51200K, used 23681K [0x00000000c1a00000, 0x0000000100000000)
  region size 1024K, 4 young (4096K), 3 survivors (3072K)
 Metaspace       used 33699K, committed 33984K, reserved 1081344K
  class space    used 4353K, committed 4480K, reserved 1048576K
}
Event: 4.189 GC heap after
{Heap after GC invocations=10 (full 0):
 garbage-first heap   total 51200K, used 23182K [0x00000000c1a00000, 0x0000000100000000)
  region size 1024K, 1 young (1024K), 1 survivors (1024K)
 Metaspace       used 33699K, committed 33984K, reserved 1081344K
  class space    used 4353K, committed 4480K, reserved 1048576K
}
Event: 4.639 GC heap before
{Heap before GC invocations=10 (full 0):
 garbage-first heap   total 51200K, used 36494K [0x00000000c1a00000, 0x0000000100000000)
  region size 1024K, 14 young (14336K), 1 survivors (1024K)
 Metaspace       used 36566K, committed 36864K, reserved 1081344K
  class space    used 4679K, committed 4800K, reserved 1048576K
}
Event: 4.643 GC heap after
{Heap after GC invocations=11 (full 0):
 garbage-first heap   total 51200K, used 22145K [0x00000000c1a00000, 0x0000000100000000)
  region size 1024K, 2 young (2048K), 2 survivors (2048K)
 Metaspace       used 36566K, committed 36864K, reserved 1081344K
  class space    used 4679K, committed 4800K, reserved 1048576K
}
Event: 5.045 GC heap before
{Heap before GC invocations=12 (full 0):
 garbage-first heap   total 51200K, used 35457K [0x00000000c1a00000, 0x0000000100000000)
  region size 1024K, 16 young (16384K), 2 survivors (2048K)
 Metaspace       used 39319K, committed 39616K, reserved 1089536K
  class space    used 4962K, committed 5120K, reserved 1048576K
}
Event: 5.054 GC heap after
{Heap after GC invocations=13 (full 0):
 garbage-first heap   total 51200K, used 23741K [0x00000000c1a00000, 0x0000000100000000)
  region size 1024K, 2 young (2048K), 2 survivors (2048K)
 Metaspace       used 39319K, committed 39616K, reserved 1089536K
  class space    used 4962K, committed 5120K, reserved 1048576K
}
Event: 5.458 GC heap before
{Heap before GC invocations=13 (full 0):
 garbage-first heap   total 51200K, used 37053K [0x00000000c1a00000, 0x0000000100000000)
  region size 1024K, 16 young (16384K), 2 survivors (2048K)
 Metaspace       used 42162K, committed 42432K, reserved 1089536K
  class space    used 5227K, committed 5376K, reserved 1048576K
}
Event: 5.465 GC heap after
{Heap after GC invocations=14 (full 0):
 garbage-first heap   total 51200K, used 25228K [0x00000000c1a00000, 0x0000000100000000)
  region size 1024K, 2 young (2048K), 2 survivors (2048K)
 Metaspace       used 42162K, committed 42432K, reserved 1089536K
  class space    used 5227K, committed 5376K, reserved 1048576K
}
Event: 6.195 GC heap before
{Heap before GC invocations=14 (full 0):
 garbage-first heap   total 51200K, used 38540K [0x00000000c1a00000, 0x0000000100000000)
  region size 1024K, 15 young (15360K), 2 survivors (2048K)
 Metaspace       used 46267K, committed 46592K, reserved 1097728K
  class space    used 5683K, committed 5824K, reserved 1048576K
}
Event: 6.203 GC heap after
{Heap after GC invocations=15 (full 0):
 garbage-first heap   total 83968K, used 26196K [0x00000000c1a00000, 0x0000000100000000)
  region size 1024K, 1 young (1024K), 1 survivors (1024K)
 Metaspace       used 46267K, committed 46592K, reserved 1097728K
  class space    used 5683K, committed 5824K, reserved 1048576K
}

